<?xml version="1.0" encoding="UTF-8"?>
<testsuite name="example.org.ReflectionTest" tests="3" skipped="0" failures="0" errors="0" timestamp="2022-12-29T19:23:51" hostname="antaegyun-ui-MacBookPro.local" time="0.108">
  <properties/>
  <testcase name="showClass()" classname="example.org.ReflectionTest" time="0.031"/>
  <testcase name="load()" classname="example.org.ReflectionTest" time="0.036"/>
  <testcase name="ControllerScan()" classname="example.org.ReflectionTest" time="0.04"/>
  <system-out><![CDATA[04:23:51.120 [Test worker] DEBUG example.org.ReflectionTest - org.example.reflection.model.User
04:23:51.124 [Test worker] DEBUG example.org.ReflectionTest - User all declared fields: [[private java.lang.String org.example.reflection.model.User.userId, private java.lang.String org.example.reflection.model.User.name]]
04:23:51.125 [Test worker] DEBUG example.org.ReflectionTest - User all declared constructors: [[public org.example.reflection.model.User(java.lang.String,java.lang.String)]]
04:23:51.125 [Test worker] DEBUG example.org.ReflectionTest - User all declared methods: [[public boolean org.example.reflection.model.User.equalsUser(org.example.reflection.model.User), public boolean org.example.reflection.model.User.equals(java.lang.Object), public int org.example.reflection.model.User.hashCode()]]
04:23:51.137 [Test worker] DEBUG example.org.ReflectionTest - clazz: [class org.example.reflection.model.User]
04:23:51.138 [Test worker] DEBUG example.org.ReflectionTest - clazz2: [class org.example.reflection.model.User]
04:23:51.138 [Test worker] DEBUG example.org.ReflectionTest - clazz3: [class org.example.reflection.model.User]
04:23:51.180 [Test worker] DEBUG org.reflections.Reflections - going to scan these urls: [file:/Users/primarch/workspace/mvc-practice/build/classes/java/main/]
04:23:51.206 [Test worker] INFO org.reflections.Reflections - Reflections took 25 ms to scan 1 urls, producing 6 keys and 10 values 
04:23:51.208 [Test worker] DEBUG org.reflections.Reflections - expanded subtype java.lang.Comparable -> java.lang.Enum
04:23:51.208 [Test worker] DEBUG org.reflections.Reflections - expanded subtype java.io.Serializable -> java.lang.Enum
04:23:51.210 [Test worker] DEBUG example.org.ReflectionTest - beans: [[class org.example.reflection.controller.HomeController, class org.example.reflection.service.HomeService, class org.example.reflection.controller.HealthCheckerController]]
]]></system-out>
  <system-err><![CDATA[]]></system-err>
</testsuite>
